0 info it worked if it ends with ok
1 verbose cli [ '/Users/darienlombardi/.nvm/versions/node/v6.8.0/bin/node',
1 verbose cli   '/Users/darienlombardi/.nvm/versions/node/v6.8.0/bin/npm',
1 verbose cli   'run',
1 verbose cli   'watch' ]
2 info using npm@3.10.8
3 info using node@v6.8.0
4 verbose run-script [ 'prewatch', 'watch', 'postwatch' ]
5 info lifecycle rules_engine@1.0.0~prewatch: rules_engine@1.0.0
6 silly lifecycle rules_engine@1.0.0~prewatch: no script for prewatch, continuing
7 info lifecycle rules_engine@1.0.0~watch: rules_engine@1.0.0
8 verbose lifecycle rules_engine@1.0.0~watch: unsafe-perm in lifecycle true
9 verbose lifecycle rules_engine@1.0.0~watch: PATH: /Users/darienlombardi/.nvm/versions/node/v6.8.0/lib/node_modules/npm/bin/node-gyp-bin:/Users/darienlombardi/Code/rules_engine/node_modules/.bin:/usr/local/bin/mongo:/Users/darienlombardi/.nvm/versions/node/v6.8.0/bin:/usr/local/bin:/usr/bin:/bin:/usr/sbin:/sbin:/usr/local/share/dotnet:/usr/local/git/bin:/Library/Frameworks/Mono.framework/Versions/Current/Commands:/usr/local/mysql/bin
10 verbose lifecycle rules_engine@1.0.0~watch: CWD: /Users/darienlombardi/Code/rules_engine
11 silly lifecycle rules_engine@1.0.0~watch: Args: [ '-c', 'npm-watch' ]
12 silly lifecycle rules_engine@1.0.0~watch: Returned: code: 2  signal: null
13 info lifecycle rules_engine@1.0.0~watch: Failed to exec watch script
14 verbose stack Error: rules_engine@1.0.0 watch: `npm-watch`
14 verbose stack Exit status 2
14 verbose stack     at EventEmitter.<anonymous> (/Users/darienlombardi/.nvm/versions/node/v6.8.0/lib/node_modules/npm/lib/utils/lifecycle.js:255:16)
14 verbose stack     at emitTwo (events.js:106:13)
14 verbose stack     at EventEmitter.emit (events.js:191:7)
14 verbose stack     at ChildProcess.<anonymous> (/Users/darienlombardi/.nvm/versions/node/v6.8.0/lib/node_modules/npm/lib/utils/spawn.js:40:14)
14 verbose stack     at emitTwo (events.js:106:13)
14 verbose stack     at ChildProcess.emit (events.js:191:7)
14 verbose stack     at maybeClose (internal/child_process.js:877:16)
14 verbose stack     at Process.ChildProcess._handle.onexit (internal/child_process.js:226:5)
15 verbose pkgid rules_engine@1.0.0
16 verbose cwd /Users/darienlombardi/Code/rules_engine
17 error Darwin 16.5.0
18 error argv "/Users/darienlombardi/.nvm/versions/node/v6.8.0/bin/node" "/Users/darienlombardi/.nvm/versions/node/v6.8.0/bin/npm" "run" "watch"
19 error node v6.8.0
20 error npm  v3.10.8
21 error code ELIFECYCLE
22 error rules_engine@1.0.0 watch: `npm-watch`
22 error Exit status 2
23 error Failed at the rules_engine@1.0.0 watch script 'npm-watch'.
23 error Make sure you have the latest version of node.js and npm installed.
23 error If you do, this is most likely a problem with the rules_engine package,
23 error not with npm itself.
23 error Tell the author that this fails on your system:
23 error     npm-watch
23 error You can get information on how to open an issue for this project with:
23 error     npm bugs rules_engine
23 error Or if that isn't available, you can get their info via:
23 error     npm owner ls rules_engine
23 error There is likely additional logging output above.
24 verbose exit [ 1, true ]
